<?xml version="1.0" encoding="UTF-8"?>
<testsuites name="Mobile" time="67" tests="1" failures="0" errors="0">
   <testsuite name="Mobile" tests="1" failures="0" errors="0" time="67" timestamp="2019-01-31 11:12:11" hostname="hiteshc - AOHYDLT0059.apporchid.com" id="Test Suites/Mobile">
      <properties>
         <property name="deviceName" value=""/>
         <property name="devicePlatform" value=""/>
         <property name="logFolder" value="D:\\Katalon_Studio_Windows_64-5.10.1\\projects\\IR Project\\Reports\\Mobile\\20190131_111205"/>
         <property name="logFiles" value="D:\\Katalon_Studio_Windows_64-5.10.1\\projects\\IR Project\\Reports\\Mobile\\20190131_111205\\execution0.log"/>
         <property name="attachments" value=""/>
         <property name="hostName" value="hiteshc - AOHYDLT0059.apporchid.com"/>
         <property name="os" value="Windows 10 64bit"/>
         <property name="katalonVersion" value="5.10.1.1"/>
         <property name="browser" value="Edge 17"/>
         <property name="hostAddress" value="10.10.12.73"/>
         <property name="sessionId" value="C24B8584-B208-44CC-AAD7-FCD3132935C4"/>
         <property name="seleniumVersion" value="3.7.1"/>
         <property name="proxyInformation" value="ProxyInformation{proxyOption=NO_PROXY, proxyServerType=HTTP, password=, proxyServerAddress=, proxyServerPort=0}"/>
         <property name="platform" value="Windows 10"/>
      </properties>
      <testcase name="Test Cases/TT001-Launch Application" classname="Test Cases/TT001-Launch Application" status="PASSED">
         <system-out><![CDATA[2019-01-31 11:12:11 - [TEST_CASE][PASSED] - Test Cases/TT001-Launch Application: Test Cases/TT001-Launch Application

2019-01-31 11:12:11 - [TEST_STEP][PASSED] - Start listener action : sampleBeforeTestCase: null

2019-01-31 11:12:11 - [TEST_STEP][PASSED] - if (getTestCaseId().contains("Sample Tests")): null

2019-01-31 11:12:11 - [TEST_STEP][PASSED] - openBrowser(""): Browser is opened with url: ''

2019-01-31 11:12:12 - [MESSAGE][INFO] - Starting 'Edge' driver

2019-01-31 11:12:13 - [MESSAGE][INFO] - Action delay is set to 0 seconds

2019-01-31 11:12:43 - [MESSAGE][PASSED] - Browser is opened with url: ''

2019-01-31 11:12:43 - [TEST_STEP][PASSED] - navigateToUrl(findTestData("URLs").getValue(1, 1)): Navigate to 'https://ir.amwater.com' successfully

2019-01-31 11:13:06 - [MESSAGE][PASSED] - Navigate to 'https://ir.amwater.com' successfully

2019-01-31 11:13:06 - [TEST_STEP][PASSED] - delay(10): Delayed 10 second(s)

2019-01-31 11:13:16 - [MESSAGE][PASSED] - Delayed 10 second(s)

2019-01-31 11:13:16 - [TEST_STEP][NOT_RUN] - maximizeWindow(): NOT_RUN: maximizeWindow()

2019-01-31 11:13:16 - [MESSAGE][NOT_RUN] - NOT_RUN: maximizeWindow()

2019-01-31 11:13:16 - [TEST_STEP][NOT_RUN] - takeScreenshot("D://Katalon_Studio_Windows_64-5.10.1//projects//IR Project//ErrorScreenshots"): NOT_RUN: takeScreenshot("D://Katalon_Studio_Windows_64-5.10.1//projects//IR Project//ErrorScreenshots")

2019-01-31 11:13:16 - [MESSAGE][NOT_RUN] - NOT_RUN: takeScreenshot("D://Katalon_Studio_Windows_64-5.10.1//projects//IR Project//ErrorScreenshots")

2019-01-31 11:13:16 - [TEST_STEP][PASSED] - Start listener action : sampleAfterTestCase: null

2019-01-31 11:13:16 - [TEST_STEP][PASSED] - if (getTestCaseId().contains("Sample Tests")): null]]></system-out>
         <system-err><![CDATA[]]></system-err>
      </testcase>
      <system-out><![CDATA[2019-01-31 11:12:11 - [TEST_SUITE][PASSED] - Mobile: Test Cases/TT001-Launch Application]]></system-out>
      <system-err><![CDATA[]]></system-err>
   </testsuite>
</testsuites>
