<?xml version="1.0" encoding="UTF-8"?>
<testsuites name="Mobile" time="57" tests="1" failures="0" errors="0">
   <testsuite name="Mobile" tests="1" failures="0" errors="0" time="57" timestamp="2019-01-31 11:39:01" hostname="hiteshc - AOHYDLT0059.apporchid.com" id="Test Suites/Mobile">
      <properties>
         <property name="deviceName" value=""/>
         <property name="devicePlatform" value=""/>
         <property name="logFolder" value="D:\\Katalon_Studio_Windows_64-5.10.1\\projects\\IR Project\\Reports\\Mobile\\20190131_113737"/>
         <property name="logFiles" value="D:\\Katalon_Studio_Windows_64-5.10.1\\projects\\IR Project\\Reports\\Mobile\\20190131_113737\\execution0.log"/>
         <property name="attachments" value=""/>
         <property name="hostName" value="hiteshc - AOHYDLT0059.apporchid.com"/>
         <property name="os" value="Windows 10 64bit"/>
         <property name="katalonVersion" value="5.10.1.1"/>
         <property name="browser" value="Safari 12"/>
         <property name="hostAddress" value="10.10.12.73"/>
         <property name="sessionId" value="a0b55cb8b36c2b58d2f745c9fe39330e2a1fd32c"/>
         <property name="seleniumVersion" value="3.7.1"/>
         <property name="proxyInformation" value="ProxyInformation{proxyOption=NO_PROXY, proxyServerType=HTTP, password=, proxyServerAddress=, proxyServerPort=0}"/>
         <property name="platform" value="Windows 10"/>
      </properties>
      <testcase name="Test Cases/TT001-Launch Application" classname="Test Cases/TT001-Launch Application" status="PASSED">
         <system-out><![CDATA[2019-01-31 11:39:01 - [TEST_CASE][PASSED] - Test Cases/TT001-Launch Application: Test Cases/TT001-Launch Application

2019-01-31 11:39:01 - [TEST_STEP][PASSED] - Start listener action : sampleBeforeTestCase: null

2019-01-31 11:39:01 - [TEST_STEP][PASSED] - if (getTestCaseId().contains("Sample Tests")): null

2019-01-31 11:39:02 - [TEST_STEP][PASSED] - openBrowser(""): Browser is opened with url: ''

2019-01-31 11:39:02 - [MESSAGE][INFO] - Starting 'Remote' driver

2019-01-31 11:39:02 - [MESSAGE][INFO] - User set preference: ['device', 'iPhone XS']

2019-01-31 11:39:02 - [MESSAGE][INFO] - User set preference: ['realMobile', 'true']

2019-01-31 11:39:02 - [MESSAGE][INFO] - User set preference: ['os_version', '12']

2019-01-31 11:39:02 - [MESSAGE][INFO] - Connecting to remote web server 'http://cakedcteam1:nxGnf9inWKyiBnPZhodt@hub-cloud.browserstack.com/wd/hub' with type 'Selenium'

2019-01-31 11:39:02 - [MESSAGE][INFO] - Action delay is set to 0 seconds

2019-01-31 11:39:33 - [MESSAGE][PASSED] - Browser is opened with url: ''

2019-01-31 11:39:33 - [TEST_STEP][PASSED] - navigateToUrl(findTestData("URLs").getValue(1, 1)): Navigate to 'https://ir.amwater.com' successfully

2019-01-31 11:39:35 - [MESSAGE][PASSED] - Navigate to 'https://ir.amwater.com' successfully

2019-01-31 11:39:35 - [TEST_STEP][PASSED] - delay(10): Delayed 10 second(s)

2019-01-31 11:39:45 - [MESSAGE][PASSED] - Delayed 10 second(s)

2019-01-31 11:39:45 - [TEST_STEP][NOT_RUN] - maximizeWindow(): NOT_RUN: maximizeWindow()

2019-01-31 11:39:45 - [MESSAGE][NOT_RUN] - NOT_RUN: maximizeWindow()

2019-01-31 11:39:45 - [TEST_STEP][NOT_RUN] - takeScreenshot("D://Katalon_Studio_Windows_64-5.10.1//projects//IR Project//ErrorScreenshots"): NOT_RUN: takeScreenshot("D://Katalon_Studio_Windows_64-5.10.1//projects//IR Project//ErrorScreenshots")

2019-01-31 11:39:45 - [MESSAGE][NOT_RUN] - NOT_RUN: takeScreenshot("D://Katalon_Studio_Windows_64-5.10.1//projects//IR Project//ErrorScreenshots")

2019-01-31 11:39:45 - [TEST_STEP][PASSED] - Start listener action : sampleAfterTestCase: null

2019-01-31 11:39:45 - [TEST_STEP][PASSED] - if (getTestCaseId().contains("Sample Tests")): null]]></system-out>
         <system-err><![CDATA[]]></system-err>
      </testcase>
      <system-out><![CDATA[2019-01-31 11:39:01 - [TEST_SUITE][PASSED] - Mobile: Test Cases/TT001-Launch Application]]></system-out>
      <system-err><![CDATA[]]></system-err>
   </testsuite>
</testsuites>
