<?xml version="1.0" encoding="UTF-8"?>
<testsuites name="Mobile" time="72" tests="1" failures="0" errors="0">
   <testsuite name="Mobile" tests="1" failures="0" errors="0" time="72" timestamp="2019-01-30 18:13:27" hostname="hiteshc - AOHYDLT0059.apporchid.com" id="Test Suites/Mobile">
      <properties>
         <property name="deviceName" value=""/>
         <property name="devicePlatform" value=""/>
         <property name="logFolder" value="D:\\Katalon_Studio_Windows_64-5.10.1\\projects\\IR Project\\Reports\\Mobile\\20190130_181325"/>
         <property name="logFiles" value="D:\\Katalon_Studio_Windows_64-5.10.1\\projects\\IR Project\\Reports\\Mobile\\20190130_181325\\execution0.log"/>
         <property name="attachments" value="D:\\Katalon_Studio_Windows_64-5.10.1\\projects\\IR Project\\Reports\\Mobile\\20190130_181325\\D://Katalon_Studio_Windows_64-5.10.1//projects//IR Project//ErrorScreenshots//DEMO2.png"/>
         <property name="hostName" value="hiteshc - AOHYDLT0059.apporchid.com"/>
         <property name="os" value="Windows 10 64bit"/>
         <property name="katalonVersion" value="5.10.1.1"/>
         <property name="browser" value="Chrome 68.0.3440.85"/>
         <property name="hostAddress" value="10.10.12.73"/>
         <property name="sessionId" value="cffc668570f11064de40eec8b83d26e296c68994"/>
         <property name="seleniumVersion" value="3.7.1"/>
         <property name="proxyInformation" value="ProxyInformation{proxyOption=NO_PROXY, proxyServerType=HTTP, password=, proxyServerAddress=, proxyServerPort=0}"/>
         <property name="platform" value="Windows 10"/>
      </properties>
      <testcase name="Test Cases/TT001-Launch Application" classname="Test Cases/TT001-Launch Application" status="PASSED">
         <system-out><![CDATA[2019-01-30 18:13:27 - [TEST_CASE][PASSED] - Test Cases/TT001-Launch Application: Test Cases/TT001-Launch Application

2019-01-30 18:13:27 - [TEST_STEP][PASSED] - Start listener action : sampleBeforeTestCase: null

2019-01-30 18:13:27 - [TEST_STEP][PASSED] - if (getTestCaseId().contains("Sample Tests")): null

2019-01-30 18:13:28 - [TEST_STEP][PASSED] - openBrowser(""): Browser is opened with url: ''

2019-01-30 18:13:28 - [MESSAGE][INFO] - Starting 'Remote' driver

2019-01-30 18:13:28 - [MESSAGE][INFO] - User set preference: ['device', 'Samsung Galaxy Note 9']

2019-01-30 18:13:28 - [MESSAGE][INFO] - User set preference: ['realMobile', 'true']

2019-01-30 18:13:28 - [MESSAGE][INFO] - User set preference: ['os_version', '8.1']

2019-01-30 18:13:28 - [MESSAGE][INFO] - Connecting to remote web server 'http://cakedcteam1:nxGnf9inWKyiBnPZhodt@hub-cloud.browserstack.com/wd/hub' with type 'Selenium'

2019-01-30 18:13:28 - [MESSAGE][INFO] - Action delay is set to 0 seconds

2019-01-30 18:14:04 - [MESSAGE][PASSED] - Browser is opened with url: ''

2019-01-30 18:14:04 - [TEST_STEP][PASSED] - navigateToUrl(findTestData("URLs").getValue(1, 1)): Navigate to 'https://ir.amwater.com' successfully

2019-01-30 18:14:15 - [MESSAGE][PASSED] - Navigate to 'https://ir.amwater.com' successfully

2019-01-30 18:14:15 - [TEST_STEP][PASSED] - delay(10): Delayed 10 second(s)

2019-01-30 18:14:25 - [MESSAGE][PASSED] - Delayed 10 second(s)

2019-01-30 18:14:25 - [TEST_STEP][NOT_RUN] - maximizeWindow(): NOT_RUN: maximizeWindow()

2019-01-30 18:14:25 - [MESSAGE][NOT_RUN] - NOT_RUN: maximizeWindow()

2019-01-30 18:14:25 - [TEST_STEP][PASSED] - takeScreenshot("D://Katalon_Studio_Windows_64-5.10.1//projects//IR Project//ErrorScreenshots//DEMO2.png"): Taking screenshot successfully

2019-01-30 18:14:28 - [MESSAGE][PASSED] - Taking screenshot successfully
[[ATTACHMENT|D:\\Katalon_Studio_Windows_64-5.10.1\\projects\\IR Project\\Reports\\Mobile\\20190130_181325\\D://Katalon_Studio_Windows_64-5.10.1//projects//IR Project//ErrorScreenshots//DEMO2.png]]

2019-01-30 18:14:28 - [TEST_STEP][PASSED] - Start listener action : sampleAfterTestCase: null

2019-01-30 18:14:28 - [TEST_STEP][PASSED] - if (getTestCaseId().contains("Sample Tests")): null]]></system-out>
         <system-err><![CDATA[]]></system-err>
      </testcase>
      <system-out><![CDATA[2019-01-30 18:13:27 - [TEST_SUITE][PASSED] - Mobile: Test Cases/TT001-Launch Application]]></system-out>
      <system-err><![CDATA[]]></system-err>
   </testsuite>
</testsuites>
